C:\Program Files (x86)\Microsoft Visual Studio\2017\Enterprise\Common7\IDE\VC\VCTargets\Microsoft.CppBuild.targets(376,5): warning MSB8004: Intermediate 目錄結尾不是結尾斜線。這個建置執行個體將會加入此斜線，因為這樣才能正確評估 Intermediate 目錄。
C:\Program Files (x86)\Microsoft Visual Studio\2017\Enterprise\Common7\IDE\VC\VCTargets\Microsoft.CppBuild.targets(377,5): warning MSB8004: Output 目錄結尾不是結尾斜線。這個建置執行個體將會加入此斜線，因為這樣才能正確評估 Output 目錄。
  function1.c
d:\c_code\ch2_lab2\source\function1.c(10): warning C4101: 'temp2': 未參考的區域變數
d:\c_code\ch2_lab2\source\function1.c(9): warning C4101: 'temp': 未參考的區域變數
  function2.c
d:\c_code\ch2_lab2\source\function2.c(10): warning C4101: 'temp2': 未參考的區域變數
d:\c_code\ch2_lab2\source\function2.c(9): warning C4101: 'temp': 未參考的區域變數
  function3.c
  function4.c
  function5.c
d:\c_code\ch2_lab2\source\function5.c(10): warning C4101: 'temp2': 未參考的區域變數
  main.c
d:\c_code\ch2_lab2\source\main.c(6): warning C4013: 'Han_Xin_1' 未定義; 假設 extern 傳回整數
d:\c_code\ch2_lab2\source\main.c(7): warning C4013: 'Han_Xin_2' 未定義; 假設 extern 傳回整數
d:\c_code\ch2_lab2\source\main.c(8): warning C4013: 'Han_Xin_3' 未定義; 假設 extern 傳回整數
d:\c_code\ch2_lab2\source\main.c(9): warning C4013: 'Han_Xin_4' 未定義; 假設 extern 傳回整數
d:\c_code\ch2_lab2\source\main.c(10): warning C4013: 'Han_Xin_5' 未定義; 假設 extern 傳回整數
  正在產生程式碼...
d:\c_code\ch2_lab2\source\function5.c(39): warning C4716: 'Han_Xin_5': 必須傳回值
d:\c_code\ch2_lab2\source\function4.c(37): warning C4716: 'Han_Xin_4': 必須傳回值
d:\c_code\ch2_lab2\source\function3.c(35): warning C4716: 'Han_Xin_3': 必須傳回值
d:\c_code\ch2_lab2\source\function2.c(24): warning C4716: 'Han_Xin_2': 必須傳回值
d:\c_code\ch2_lab2\source\function1.c(23): warning C4716: 'Han_Xin_1': 必須傳回值
  Lab1-2.vcxproj -> D:\c_code\Ch2_Lab2\Lab1-2\Lab1-2\..\..\temp\debug\Lab1-2.exe
